{"D:\\loyiha\\2K25-309\\shoxruzbek\\core\\adapters\\TrafficAdapter.js": {"path":"D:\\loyiha\\2K25-309\\shoxruzbek\\core\\adapters\\TrafficAdapter.js","statementMap":{"0":{"start":{"line":3,"column":4},"end":{"line":3,"column":37}},"1":{"start":{"line":4,"column":4},"end":{"line":4,"column":29}},"2":{"start":{"line":9,"column":18},"end":{"line":9,"column":35}},"3":{"start":{"line":10,"column":17},"end":{"line":10,"column":24}},"4":{"start":{"line":12,"column":4},"end":{"line":14,"column":26}},"5":{"start":{"line":12,"column":20},"end":{"line":12,"column":37}},"6":{"start":{"line":13,"column":9},"end":{"line":14,"column":26}},"7":{"start":{"line":13,"column":25},"end":{"line":13,"column":45}},"8":{"start":{"line":14,"column":9},"end":{"line":14,"column":26}},"9":{"start":{"line":16,"column":4},"end":{"line":22,"column":6}},"10":{"start":{"line":29,"column":4},"end":{"line":29,"column":70}},"11":{"start":{"line":34,"column":25},"end":{"line":34,"column":58}},"12":{"start":{"line":37,"column":4},"end":{"line":43,"column":6}},"13":{"start":{"line":48,"column":4},"end":{"line":48,"column":39}},"14":{"start":{"line":48,"column":25},"end":{"line":48,"column":39}},"15":{"start":{"line":49,"column":4},"end":{"line":49,"column":41}},"16":{"start":{"line":49,"column":25},"end":{"line":49,"column":41}},"17":{"start":{"line":50,"column":4},"end":{"line":50,"column":17}},"18":{"start":{"line":55,"column":25},"end":{"line":60,"column":5}},"19":{"start":{"line":61,"column":4},"end":{"line":61,"column":46}},"20":{"start":{"line":66,"column":4},"end":{"line":66,"column":70}},"21":{"start":{"line":66,"column":20},"end":{"line":66,"column":70}},"22":{"start":{"line":67,"column":4},"end":{"line":67,"column":65}},"23":{"start":{"line":67,"column":20},"end":{"line":67,"column":65}},"24":{"start":{"line":68,"column":4},"end":{"line":68,"column":38}}},"fnMap":{"0":{"name":"(anonymous_0)","decl":{"start":{"line":2,"column":2},"end":{"line":2,"column":13}},"loc":{"start":{"line":2,"column":48},"end":{"line":5,"column":3}},"line":2},"1":{"name":"(anonymous_1)","decl":{"start":{"line":7,"column":2},"end":{"line":7,"column":16}},"loc":{"start":{"line":7,"column":19},"end":{"line":23,"column":3}},"line":7},"2":{"name":"(anonymous_2)","decl":{"start":{"line":28,"column":2},"end":{"line":28,"column":13}},"loc":{"start":{"line":28,"column":38},"end":{"line":30,"column":3}},"line":28},"3":{"name":"(anonymous_3)","decl":{"start":{"line":33,"column":2},"end":{"line":33,"column":16}},"loc":{"start":{"line":33,"column":19},"end":{"line":44,"column":3}},"line":33},"4":{"name":"(anonymous_4)","decl":{"start":{"line":47,"column":2},"end":{"line":47,"column":14}},"loc":{"start":{"line":47,"column":27},"end":{"line":51,"column":3}},"line":47},"5":{"name":"(anonymous_5)","decl":{"start":{"line":54,"column":2},"end":{"line":54,"column":17}},"loc":{"start":{"line":54,"column":26},"end":{"line":62,"column":3}},"line":54},"6":{"name":"(anonymous_6)","decl":{"start":{"line":65,"column":2},"end":{"line":65,"column":19}},"loc":{"start":{"line":65,"column":27},"end":{"line":69,"column":3}},"line":65}},"branchMap":{"0":{"loc":{"start":{"line":2,"column":14},"end":{"line":2,"column":31}},"type":"default-arg","locations":[{"start":{"line":2,"column":29},"end":{"line":2,"column":31}}],"line":2},"1":{"loc":{"start":{"line":2,"column":33},"end":{"line":2,"column":46}},"type":"default-arg","locations":[{"start":{"line":2,"column":44},"end":{"line":2,"column":46}}],"line":2},"2":{"loc":{"start":{"line":12,"column":4},"end":{"line":14,"column":26}},"type":"if","locations":[{"start":{"line":12,"column":4},"end":{"line":14,"column":26}},{"start":{"line":13,"column":9},"end":{"line":14,"column":26}}],"line":12},"3":{"loc":{"start":{"line":13,"column":9},"end":{"line":14,"column":26}},"type":"if","locations":[{"start":{"line":13,"column":9},"end":{"line":14,"column":26}},{"start":{"line":14,"column":9},"end":{"line":14,"column":26}}],"line":13},"4":{"loc":{"start":{"line":48,"column":4},"end":{"line":48,"column":39}},"type":"if","locations":[{"start":{"line":48,"column":4},"end":{"line":48,"column":39}},{"start":{},"end":{}}],"line":48},"5":{"loc":{"start":{"line":49,"column":4},"end":{"line":49,"column":41}},"type":"if","locations":[{"start":{"line":49,"column":4},"end":{"line":49,"column":41}},{"start":{},"end":{}}],"line":49},"6":{"loc":{"start":{"line":61,"column":11},"end":{"line":61,"column":45}},"type":"binary-expr","locations":[{"start":{"line":61,"column":11},"end":{"line":61,"column":31}},{"start":{"line":61,"column":35},"end":{"line":61,"column":45}}],"line":61},"7":{"loc":{"start":{"line":66,"column":4},"end":{"line":66,"column":70}},"type":"if","locations":[{"start":{"line":66,"column":4},"end":{"line":66,"column":70}},{"start":{},"end":{}}],"line":66},"8":{"loc":{"start":{"line":67,"column":4},"end":{"line":67,"column":65}},"type":"if","locations":[{"start":{"line":67,"column":4},"end":{"line":67,"column":65}},{"start":{},"end":{}}],"line":67}},"s":{"0":7,"1":7,"2":7,"3":7,"4":7,"5":5,"6":2,"7":1,"8":1,"9":7,"10":7,"11":7,"12":7,"13":7,"14":5,"15":2,"16":2,"17":1,"18":7,"19":7,"20":7,"21":5,"22":2,"23":2,"24":1},"f":{"0":7,"1":7,"2":7,"3":7,"4":7,"5":7,"6":7},"b":{"0":[7],"1":[7],"2":[5,2],"3":[1,1],"4":[5,2],"5":[1,1],"6":[7,0],"7":[5,2],"8":[1,1]},"meta":{"lastBranch":9,"lastFunction":7,"lastStatement":25,"seen":{"f:2:2:2:13":0,"b:2:29:2:31":0,"b:2:44:2:46":1,"s:3:4:3:37":0,"s:4:4:4:29":1,"f:7:2:7:16":1,"s:9:18:9:35":2,"s:10:17:10:24":3,"b:12:4:14:26:13:9:14:26":2,"s:12:4:14:26":4,"s:12:20:12:37":5,"b:13:9:14:26:14:9:14:26":3,"s:13:9:14:26":6,"s:13:25:13:45":7,"s:14:9:14:26":8,"s:16:4:22:6":9,"f:28:2:28:13":2,"s:29:4:29:70":10,"f:33:2:33:16":3,"s:34:25:34:58":11,"s:37:4:43:6":12,"f:47:2:47:14":4,"b:48:4:48:39:undefined:undefined:undefined:undefined":4,"s:48:4:48:39":13,"s:48:25:48:39":14,"b:49:4:49:41:undefined:undefined:undefined:undefined":5,"s:49:4:49:41":15,"s:49:25:49:41":16,"s:50:4:50:17":17,"f:54:2:54:17":5,"s:55:25:60:5":18,"s:61:4:61:46":19,"b:61:11:61:31:61:35:61:45":6,"f:65:2:65:19":6,"b:66:4:66:70:undefined:undefined:undefined:undefined":7,"s:66:4:66:70":20,"s:66:20:66:70":21,"b:67:4:67:65:undefined:undefined:undefined:undefined":8,"s:67:4:67:65":22,"s:67:20:67:65":23,"s:68:4:68:38":24}}}
,"D:\\loyiha\\2K25-309\\shoxruzbek\\core\\adapters\\WeatherAdapter.js": {"path":"D:\\loyiha\\2K25-309\\shoxruzbek\\core\\adapters\\WeatherAdapter.js","statementMap":{"0":{"start":{"line":13,"column":4},"end":{"line":13,"column":35}},"1":{"start":{"line":14,"column":4},"end":{"line":14,"column":31}},"2":{"start":{"line":19,"column":4},"end":{"line":23,"column":6}},"3":{"start":{"line":30,"column":4},"end":{"line":30,"column":70}},"4":{"start":{"line":35,"column":25},"end":{"line":35,"column":58}},"5":{"start":{"line":38,"column":4},"end":{"line":44,"column":6}},"6":{"start":{"line":49,"column":25},"end":{"line":56,"column":5}},"7":{"start":{"line":57,"column":4},"end":{"line":57,"column":63}},"8":{"start":{"line":62,"column":27},"end":{"line":62,"column":65}},"9":{"start":{"line":63,"column":4},"end":{"line":63,"column":60}},"10":{"start":{"line":68,"column":4},"end":{"line":68,"column":28}},"11":{"start":{"line":73,"column":4},"end":{"line":73,"column":54}},"12":{"start":{"line":73,"column":18},"end":{"line":73,"column":54}},"13":{"start":{"line":74,"column":4},"end":{"line":74,"column":60}},"14":{"start":{"line":74,"column":19},"end":{"line":74,"column":60}},"15":{"start":{"line":75,"column":4},"end":{"line":75,"column":60}},"16":{"start":{"line":75,"column":19},"end":{"line":75,"column":60}},"17":{"start":{"line":77,"column":4},"end":{"line":77,"column":73}},"18":{"start":{"line":77,"column":31},"end":{"line":77,"column":73}},"19":{"start":{"line":78,"column":4},"end":{"line":78,"column":71}},"20":{"start":{"line":78,"column":31},"end":{"line":78,"column":71}},"21":{"start":{"line":80,"column":4},"end":{"line":80,"column":50}}},"fnMap":{"0":{"name":"(anonymous_0)","decl":{"start":{"line":12,"column":2},"end":{"line":12,"column":13}},"loc":{"start":{"line":12,"column":53},"end":{"line":15,"column":3}},"line":12},"1":{"name":"(anonymous_1)","decl":{"start":{"line":17,"column":2},"end":{"line":17,"column":16}},"loc":{"start":{"line":17,"column":19},"end":{"line":24,"column":3}},"line":17},"2":{"name":"(anonymous_2)","decl":{"start":{"line":29,"column":2},"end":{"line":29,"column":13}},"loc":{"start":{"line":29,"column":38},"end":{"line":31,"column":3}},"line":29},"3":{"name":"(anonymous_3)","decl":{"start":{"line":34,"column":2},"end":{"line":34,"column":16}},"loc":{"start":{"line":34,"column":19},"end":{"line":45,"column":3}},"line":34},"4":{"name":"(anonymous_4)","decl":{"start":{"line":48,"column":2},"end":{"line":48,"column":20}},"loc":{"start":{"line":48,"column":32},"end":{"line":58,"column":3}},"line":48},"5":{"name":"(anonymous_5)","decl":{"start":{"line":61,"column":2},"end":{"line":61,"column":15}},"loc":{"start":{"line":61,"column":27},"end":{"line":64,"column":3}},"line":61},"6":{"name":"(anonymous_6)","decl":{"start":{"line":67,"column":2},"end":{"line":67,"column":14}},"loc":{"start":{"line":67,"column":28},"end":{"line":69,"column":3}},"line":67},"7":{"name":"(anonymous_7)","decl":{"start":{"line":72,"column":2},"end":{"line":72,"column":19}},"loc":{"start":{"line":72,"column":37},"end":{"line":81,"column":3}},"line":72}},"branchMap":{"0":{"loc":{"start":{"line":12,"column":14},"end":{"line":12,"column":30}},"type":"default-arg","locations":[{"start":{"line":12,"column":28},"end":{"line":12,"column":30}}],"line":12},"1":{"loc":{"start":{"line":12,"column":32},"end":{"line":12,"column":51}},"type":"default-arg","locations":[{"start":{"line":12,"column":44},"end":{"line":12,"column":51}}],"line":12},"2":{"loc":{"start":{"line":57,"column":11},"end":{"line":57,"column":62}},"type":"binary-expr","locations":[{"start":{"line":57,"column":11},"end":{"line":57,"column":48}},{"start":{"line":57,"column":52},"end":{"line":57,"column":62}}],"line":57},"3":{"loc":{"start":{"line":73,"column":4},"end":{"line":73,"column":54}},"type":"if","locations":[{"start":{"line":73,"column":4},"end":{"line":73,"column":54}},{"start":{},"end":{}}],"line":73},"4":{"loc":{"start":{"line":74,"column":4},"end":{"line":74,"column":60}},"type":"if","locations":[{"start":{"line":74,"column":4},"end":{"line":74,"column":60}},{"start":{},"end":{}}],"line":74},"5":{"loc":{"start":{"line":75,"column":4},"end":{"line":75,"column":60}},"type":"if","locations":[{"start":{"line":75,"column":4},"end":{"line":75,"column":60}},{"start":{},"end":{}}],"line":75},"6":{"loc":{"start":{"line":77,"column":4},"end":{"line":77,"column":73}},"type":"if","locations":[{"start":{"line":77,"column":4},"end":{"line":77,"column":73}},{"start":{},"end":{}}],"line":77},"7":{"loc":{"start":{"line":78,"column":4},"end":{"line":78,"column":71}},"type":"if","locations":[{"start":{"line":78,"column":4},"end":{"line":78,"column":71}},{"start":{},"end":{}}],"line":78}},"s":{"0":8,"1":8,"2":8,"3":8,"4":8,"5":8,"6":8,"7":8,"8":8,"9":8,"10":8,"11":8,"12":0,"13":8,"14":2,"15":6,"16":6,"17":6,"18":6,"19":5,"20":5,"21":5},"f":{"0":8,"1":8,"2":8,"3":8,"4":8,"5":8,"6":8,"7":8},"b":{"0":[8],"1":[8],"2":[8,0],"3":[0,8],"4":[2,6],"5":[0,6],"6":[1,5],"7":[0,5]},"meta":{"lastBranch":8,"lastFunction":8,"lastStatement":22,"seen":{"f:12:2:12:13":0,"b:12:28:12:30":0,"b:12:44:12:51":1,"s:13:4:13:35":0,"s:14:4:14:31":1,"f:17:2:17:16":1,"s:19:4:23:6":2,"f:29:2:29:13":2,"s:30:4:30:70":3,"f:34:2:34:16":3,"s:35:25:35:58":4,"s:38:4:44:6":5,"f:48:2:48:20":4,"s:49:25:56:5":6,"s:57:4:57:63":7,"b:57:11:57:48:57:52:57:62":2,"f:61:2:61:15":5,"s:62:27:62:65":8,"s:63:4:63:60":9,"f:67:2:67:14":6,"s:68:4:68:28":10,"f:72:2:72:19":7,"b:73:4:73:54:undefined:undefined:undefined:undefined":3,"s:73:4:73:54":11,"s:73:18:73:54":12,"b:74:4:74:60:undefined:undefined:undefined:undefined":4,"s:74:4:74:60":13,"s:74:19:74:60":14,"b:75:4:75:60:undefined:undefined:undefined:undefined":5,"s:75:4:75:60":15,"s:75:19:75:60":16,"b:77:4:77:73:undefined:undefined:undefined:undefined":6,"s:77:4:77:73":17,"s:77:31:77:73":18,"b:78:4:78:71:undefined:undefined:undefined:undefined":7,"s:78:4:78:71":19,"s:78:31:78:71":20,"s:80:4:80:50":21}}}
,"D:\\loyiha\\2K25-309\\shoxruzbek\\core\\builders\\BuildingBuilder.js": {"path":"D:\\loyiha\\2K25-309\\shoxruzbek\\core\\builders\\BuildingBuilder.js","statementMap":{"0":{"start":{"line":3,"column":4},"end":{"line":3,"column":19}},"1":{"start":{"line":4,"column":4},"end":{"line":4,"column":24}},"2":{"start":{"line":5,"column":4},"end":{"line":5,"column":26}},"3":{"start":{"line":6,"column":4},"end":{"line":6,"column":24}},"4":{"start":{"line":10,"column":4},"end":{"line":10,"column":42}},"5":{"start":{"line":11,"column":4},"end":{"line":11,"column":60}},"6":{"start":{"line":12,"column":4},"end":{"line":12,"column":71}},"7":{"start":{"line":13,"column":4},"end":{"line":13,"column":71}},"8":{"start":{"line":19,"column":4},"end":{"line":19,"column":35}},"9":{"start":{"line":20,"column":4},"end":{"line":20,"column":30}},"10":{"start":{"line":24,"column":4},"end":{"line":24,"column":32}},"11":{"start":{"line":25,"column":4},"end":{"line":25,"column":16}},"12":{"start":{"line":29,"column":4},"end":{"line":29,"column":34}},"13":{"start":{"line":30,"column":4},"end":{"line":30,"column":16}},"14":{"start":{"line":34,"column":4},"end":{"line":34,"column":32}},"15":{"start":{"line":35,"column":4},"end":{"line":35,"column":16}},"16":{"start":{"line":39,"column":4},"end":{"line":39,"column":25}}},"fnMap":{"0":{"name":"(anonymous_0)","decl":{"start":{"line":2,"column":2},"end":{"line":2,"column":13}},"loc":{"start":{"line":2,"column":16},"end":{"line":7,"column":3}},"line":2},"1":{"name":"(anonymous_1)","decl":{"start":{"line":9,"column":2},"end":{"line":9,"column":10}},"loc":{"start":{"line":9,"column":13},"end":{"line":14,"column":3}},"line":9},"2":{"name":"(anonymous_2)","decl":{"start":{"line":18,"column":2},"end":{"line":18,"column":13}},"loc":{"start":{"line":18,"column":20},"end":{"line":21,"column":3}},"line":18},"3":{"name":"(anonymous_3)","decl":{"start":{"line":23,"column":2},"end":{"line":23,"column":13}},"loc":{"start":{"line":23,"column":16},"end":{"line":26,"column":3}},"line":23},"4":{"name":"(anonymous_4)","decl":{"start":{"line":28,"column":2},"end":{"line":28,"column":13}},"loc":{"start":{"line":28,"column":16},"end":{"line":31,"column":3}},"line":28},"5":{"name":"(anonymous_5)","decl":{"start":{"line":33,"column":2},"end":{"line":33,"column":17}},"loc":{"start":{"line":33,"column":20},"end":{"line":36,"column":3}},"line":33},"6":{"name":"(anonymous_6)","decl":{"start":{"line":38,"column":2},"end":{"line":38,"column":7}},"loc":{"start":{"line":38,"column":10},"end":{"line":40,"column":3}},"line":38}},"branchMap":{"0":{"loc":{"start":{"line":11,"column":30},"end":{"line":11,"column":56}},"type":"cond-expr","locations":[{"start":{"line":11,"column":44},"end":{"line":11,"column":48}},{"start":{"line":11,"column":51},"end":{"line":11,"column":56}}],"line":11},"1":{"loc":{"start":{"line":12,"column":34},"end":{"line":12,"column":67}},"type":"cond-expr","locations":[{"start":{"line":12,"column":50},"end":{"line":12,"column":56}},{"start":{"line":12,"column":59},"end":{"line":12,"column":67}}],"line":12},"2":{"loc":{"start":{"line":13,"column":32},"end":{"line":13,"column":67}},"type":"cond-expr","locations":[{"start":{"line":13,"column":46},"end":{"line":13,"column":55}},{"start":{"line":13,"column":58},"end":{"line":13,"column":67}}],"line":13}},"s":{"0":9,"1":9,"2":9,"3":9,"4":1,"5":1,"6":1,"7":1,"8":9,"9":9,"10":6,"11":6,"12":6,"13":6,"14":3,"15":3,"16":9},"f":{"0":9,"1":1,"2":9,"3":6,"4":6,"5":3,"6":9},"b":{"0":[1,0],"1":[1,0],"2":[0,1]},"meta":{"lastBranch":3,"lastFunction":7,"lastStatement":17,"seen":{"f:2:2:2:13":0,"s:3:4:3:19":0,"s:4:4:4:24":1,"s:5:4:5:26":2,"s:6:4:6:24":3,"f:9:2:9:10":1,"s:10:4:10:42":4,"s:11:4:11:60":5,"b:11:44:11:48:11:51:11:56":0,"s:12:4:12:71":6,"b:12:50:12:56:12:59:12:67":1,"s:13:4:13:71":7,"b:13:46:13:55:13:58:13:67":2,"f:18:2:18:13":2,"s:19:4:19:35":8,"s:20:4:20:30":9,"f:23:2:23:13":3,"s:24:4:24:32":10,"s:25:4:25:16":11,"f:28:2:28:13":4,"s:29:4:29:34":12,"s:30:4:30:16":13,"f:33:2:33:17":5,"s:34:4:34:32":14,"s:35:4:35:16":15,"f:38:2:38:7":6,"s:39:4:39:25":16}}}
,"D:\\loyiha\\2K25-309\\shoxruzbek\\core\\factories\\SubsystemFactory.js": {"path":"D:\\loyiha\\2K25-309\\shoxruzbek\\core\\factories\\SubsystemFactory.js","statementMap":{"0":{"start":{"line":8,"column":4},"end":{"line":19,"column":5}},"1":{"start":{"line":10,"column":8},"end":{"line":10,"column":36}},"2":{"start":{"line":12,"column":8},"end":{"line":12,"column":37}},"3":{"start":{"line":14,"column":8},"end":{"line":14,"column":36}},"4":{"start":{"line":16,"column":8},"end":{"line":16,"column":34}},"5":{"start":{"line":18,"column":8},"end":{"line":18,"column":60}}},"fnMap":{"0":{"name":"(anonymous_0)","decl":{"start":{"line":7,"column":9},"end":{"line":7,"column":24}},"loc":{"start":{"line":7,"column":31},"end":{"line":20,"column":3}},"line":7}},"branchMap":{"0":{"loc":{"start":{"line":8,"column":4},"end":{"line":19,"column":5}},"type":"switch","locations":[{"start":{"line":9,"column":6},"end":{"line":10,"column":36}},{"start":{"line":11,"column":6},"end":{"line":12,"column":37}},{"start":{"line":13,"column":6},"end":{"line":14,"column":36}},{"start":{"line":15,"column":6},"end":{"line":16,"column":34}},{"start":{"line":17,"column":6},"end":{"line":18,"column":60}}],"line":8}},"s":{"0":30,"1":13,"2":5,"3":7,"4":4,"5":1},"f":{"0":2},"b":{"0":[13,5,7,4,1]},"meta":{"lastBranch":1,"lastFunction":1,"lastStatement":6,"seen":{"f:7:9:7:24":0,"b:9:6:10:36:11:6:12:37:13:6:14:36:15:6:16:34:17:6:18:60":0,"s:8:4:19:5":0,"s:10:8:10:36":1,"s:12:8:12:37":2,"s:14:8:14:36":3,"s:16:8:16:34":4,"s:18:8:18:60":5}}}
,"D:\\loyiha\\2K25-309\\shoxruzbek\\core\\proxy\\SubsystemProxy.js": {"path":"D:\\loyiha\\2K25-309\\shoxruzbek\\core\\proxy\\SubsystemProxy.js","statementMap":{"0":{"start":{"line":3,"column":4},"end":{"line":3,"column":31}},"1":{"start":{"line":4,"column":4},"end":{"line":4,"column":29}},"2":{"start":{"line":9,"column":24},"end":{"line":13,"column":5}},"3":{"start":{"line":15,"column":28},"end":{"line":15,"column":60}},"4":{"start":{"line":17,"column":4},"end":{"line":20,"column":5}},"5":{"start":{"line":18,"column":6},"end":{"line":18,"column":101}},"6":{"start":{"line":19,"column":6},"end":{"line":19,"column":19}},"7":{"start":{"line":22,"column":4},"end":{"line":22,"column":61}},"8":{"start":{"line":23,"column":4},"end":{"line":23,"column":16}},"9":{"start":{"line":28,"column":4},"end":{"line":39,"column":5}},"10":{"start":{"line":29,"column":6},"end":{"line":37,"column":7}},"11":{"start":{"line":30,"column":8},"end":{"line":30,"column":34}},"12":{"start":{"line":31,"column":13},"end":{"line":37,"column":7}},"13":{"start":{"line":32,"column":8},"end":{"line":32,"column":32}},"14":{"start":{"line":33,"column":13},"end":{"line":37,"column":7}},"15":{"start":{"line":34,"column":8},"end":{"line":34,"column":31}},"16":{"start":{"line":35,"column":13},"end":{"line":37,"column":7}},"17":{"start":{"line":36,"column":8},"end":{"line":36,"column":41}},"18":{"start":{"line":38,"column":6},"end":{"line":38,"column":18}},"19":{"start":{"line":40,"column":4},"end":{"line":40,"column":17}},"20":{"start":{"line":44,"column":4},"end":{"line":55,"column":5}},"21":{"start":{"line":45,"column":6},"end":{"line":53,"column":7}},"22":{"start":{"line":46,"column":8},"end":{"line":46,"column":30}},"23":{"start":{"line":47,"column":13},"end":{"line":53,"column":7}},"24":{"start":{"line":48,"column":8},"end":{"line":48,"column":33}},"25":{"start":{"line":49,"column":13},"end":{"line":53,"column":7}},"26":{"start":{"line":50,"column":8},"end":{"line":50,"column":34}},"27":{"start":{"line":51,"column":13},"end":{"line":53,"column":7}},"28":{"start":{"line":52,"column":8},"end":{"line":52,"column":43}},"29":{"start":{"line":54,"column":6},"end":{"line":54,"column":18}},"30":{"start":{"line":56,"column":4},"end":{"line":56,"column":17}},"31":{"start":{"line":60,"column":4},"end":{"line":63,"column":5}},"32":{"start":{"line":61,"column":6},"end":{"line":61,"column":89}},"33":{"start":{"line":62,"column":6},"end":{"line":62,"column":35}},"34":{"start":{"line":64,"column":4},"end":{"line":64,"column":16}},"35":{"start":{"line":68,"column":4},"end":{"line":71,"column":5}},"36":{"start":{"line":69,"column":6},"end":{"line":69,"column":52}},"37":{"start":{"line":70,"column":6},"end":{"line":70,"column":18}},"38":{"start":{"line":72,"column":4},"end":{"line":72,"column":17}},"39":{"start":{"line":76,"column":4},"end":{"line":79,"column":5}},"40":{"start":{"line":77,"column":6},"end":{"line":77,"column":50}},"41":{"start":{"line":78,"column":6},"end":{"line":78,"column":18}},"42":{"start":{"line":80,"column":4},"end":{"line":80,"column":17}}},"fnMap":{"0":{"name":"(anonymous_0)","decl":{"start":{"line":2,"column":2},"end":{"line":2,"column":13}},"loc":{"start":{"line":2,"column":35},"end":{"line":5,"column":3}},"line":2},"1":{"name":"(anonymous_1)","decl":{"start":{"line":8,"column":2},"end":{"line":8,"column":17}},"loc":{"start":{"line":8,"column":26},"end":{"line":24,"column":3}},"line":8},"2":{"name":"(anonymous_2)","decl":{"start":{"line":27,"column":2},"end":{"line":27,"column":10}},"loc":{"start":{"line":27,"column":13},"end":{"line":41,"column":3}},"line":27},"3":{"name":"(anonymous_3)","decl":{"start":{"line":43,"column":2},"end":{"line":43,"column":12}},"loc":{"start":{"line":43,"column":15},"end":{"line":57,"column":3}},"line":43},"4":{"name":"(anonymous_4)","decl":{"start":{"line":59,"column":2},"end":{"line":59,"column":11}},"loc":{"start":{"line":59,"column":14},"end":{"line":65,"column":3}},"line":59},"5":{"name":"(anonymous_5)","decl":{"start":{"line":67,"column":2},"end":{"line":67,"column":16}},"loc":{"start":{"line":67,"column":19},"end":{"line":73,"column":3}},"line":67},"6":{"name":"(anonymous_6)","decl":{"start":{"line":75,"column":2},"end":{"line":75,"column":12}},"loc":{"start":{"line":75,"column":15},"end":{"line":81,"column":3}},"line":75}},"branchMap":{"0":{"loc":{"start":{"line":15,"column":28},"end":{"line":15,"column":60}},"type":"binary-expr","locations":[{"start":{"line":15,"column":28},"end":{"line":15,"column":54}},{"start":{"line":15,"column":58},"end":{"line":15,"column":60}}],"line":15},"1":{"loc":{"start":{"line":17,"column":4},"end":{"line":20,"column":5}},"type":"if","locations":[{"start":{"line":17,"column":4},"end":{"line":20,"column":5}},{"start":{},"end":{}}],"line":17},"2":{"loc":{"start":{"line":28,"column":4},"end":{"line":39,"column":5}},"type":"if","locations":[{"start":{"line":28,"column":4},"end":{"line":39,"column":5}},{"start":{},"end":{}}],"line":28},"3":{"loc":{"start":{"line":29,"column":6},"end":{"line":37,"column":7}},"type":"if","locations":[{"start":{"line":29,"column":6},"end":{"line":37,"column":7}},{"start":{"line":31,"column":13},"end":{"line":37,"column":7}}],"line":29},"4":{"loc":{"start":{"line":31,"column":13},"end":{"line":37,"column":7}},"type":"if","locations":[{"start":{"line":31,"column":13},"end":{"line":37,"column":7}},{"start":{"line":33,"column":13},"end":{"line":37,"column":7}}],"line":31},"5":{"loc":{"start":{"line":33,"column":13},"end":{"line":37,"column":7}},"type":"if","locations":[{"start":{"line":33,"column":13},"end":{"line":37,"column":7}},{"start":{"line":35,"column":13},"end":{"line":37,"column":7}}],"line":33},"6":{"loc":{"start":{"line":35,"column":13},"end":{"line":37,"column":7}},"type":"if","locations":[{"start":{"line":35,"column":13},"end":{"line":37,"column":7}},{"start":{},"end":{}}],"line":35},"7":{"loc":{"start":{"line":44,"column":4},"end":{"line":55,"column":5}},"type":"if","locations":[{"start":{"line":44,"column":4},"end":{"line":55,"column":5}},{"start":{},"end":{}}],"line":44},"8":{"loc":{"start":{"line":45,"column":6},"end":{"line":53,"column":7}},"type":"if","locations":[{"start":{"line":45,"column":6},"end":{"line":53,"column":7}},{"start":{"line":47,"column":13},"end":{"line":53,"column":7}}],"line":45},"9":{"loc":{"start":{"line":47,"column":13},"end":{"line":53,"column":7}},"type":"if","locations":[{"start":{"line":47,"column":13},"end":{"line":53,"column":7}},{"start":{"line":49,"column":13},"end":{"line":53,"column":7}}],"line":47},"10":{"loc":{"start":{"line":49,"column":13},"end":{"line":53,"column":7}},"type":"if","locations":[{"start":{"line":49,"column":13},"end":{"line":53,"column":7}},{"start":{"line":51,"column":13},"end":{"line":53,"column":7}}],"line":49},"11":{"loc":{"start":{"line":51,"column":13},"end":{"line":53,"column":7}},"type":"if","locations":[{"start":{"line":51,"column":13},"end":{"line":53,"column":7}},{"start":{},"end":{}}],"line":51},"12":{"loc":{"start":{"line":60,"column":4},"end":{"line":63,"column":5}},"type":"if","locations":[{"start":{"line":60,"column":4},"end":{"line":63,"column":5}},{"start":{},"end":{}}],"line":60},"13":{"loc":{"start":{"line":68,"column":4},"end":{"line":71,"column":5}},"type":"if","locations":[{"start":{"line":68,"column":4},"end":{"line":71,"column":5}},{"start":{},"end":{}}],"line":68},"14":{"loc":{"start":{"line":76,"column":4},"end":{"line":79,"column":5}},"type":"if","locations":[{"start":{"line":76,"column":4},"end":{"line":79,"column":5}},{"start":{},"end":{}}],"line":76}},"s":{"0":14,"1":14,"2":27,"3":27,"4":27,"5":11,"6":11,"7":16,"8":16,"9":6,"10":4,"11":0,"12":4,"13":4,"14":0,"15":0,"16":0,"17":0,"18":4,"19":2,"20":1,"21":1,"22":0,"23":1,"24":1,"25":0,"26":0,"27":0,"28":0,"29":1,"30":0,"31":2,"32":2,"33":2,"34":0,"35":3,"36":1,"37":1,"38":2,"39":3,"40":1,"41":1,"42":2},"f":{"0":14,"1":27,"2":6,"3":1,"4":2,"5":3,"6":3},"b":{"0":[27,0],"1":[11,16],"2":[4,2],"3":[0,4],"4":[4,0],"5":[0,0],"6":[0,0],"7":[1,0],"8":[0,1],"9":[1,0],"10":[0,0],"11":[0,0],"12":[2,0],"13":[1,2],"14":[1,2]},"meta":{"lastBranch":15,"lastFunction":7,"lastStatement":43,"seen":{"f:2:2:2:13":0,"s:3:4:3:31":0,"s:4:4:4:29":1,"f:8:2:8:17":1,"s:9:24:13:5":2,"s:15:28:15:60":3,"b:15:28:15:54:15:58:15:60":0,"b:17:4:20:5:undefined:undefined:undefined:undefined":1,"s:17:4:20:5":4,"s:18:6:18:101":5,"s:19:6:19:19":6,"s:22:4:22:61":7,"s:23:4:23:16":8,"f:27:2:27:10":2,"b:28:4:39:5:undefined:undefined:undefined:undefined":2,"s:28:4:39:5":9,"b:29:6:37:7:31:13:37:7":3,"s:29:6:37:7":10,"s:30:8:30:34":11,"b:31:13:37:7:33:13:37:7":4,"s:31:13:37:7":12,"s:32:8:32:32":13,"b:33:13:37:7:35:13:37:7":5,"s:33:13:37:7":14,"s:34:8:34:31":15,"b:35:13:37:7:undefined:undefined:undefined:undefined":6,"s:35:13:37:7":16,"s:36:8:36:41":17,"s:38:6:38:18":18,"s:40:4:40:17":19,"f:43:2:43:12":3,"b:44:4:55:5:undefined:undefined:undefined:undefined":7,"s:44:4:55:5":20,"b:45:6:53:7:47:13:53:7":8,"s:45:6:53:7":21,"s:46:8:46:30":22,"b:47:13:53:7:49:13:53:7":9,"s:47:13:53:7":23,"s:48:8:48:33":24,"b:49:13:53:7:51:13:53:7":10,"s:49:13:53:7":25,"s:50:8:50:34":26,"b:51:13:53:7:undefined:undefined:undefined:undefined":11,"s:51:13:53:7":27,"s:52:8:52:43":28,"s:54:6:54:18":29,"s:56:4:56:17":30,"f:59:2:59:11":4,"b:60:4:63:5:undefined:undefined:undefined:undefined":12,"s:60:4:63:5":31,"s:61:6:61:89":32,"s:62:6:62:35":33,"s:64:4:64:16":34,"f:67:2:67:16":5,"b:68:4:71:5:undefined:undefined:undefined:undefined":13,"s:68:4:71:5":35,"s:69:6:69:52":36,"s:70:6:70:18":37,"s:72:4:72:17":38,"f:75:2:75:12":6,"b:76:4:79:5:undefined:undefined:undefined:undefined":14,"s:76:4:79:5":39,"s:77:6:77:50":40,"s:78:6:78:18":41,"s:80:4:80:17":42}}}
,"D:\\loyiha\\2K25-309\\shoxruzbek\\core\\singleton\\CityController.js": {"path":"D:\\loyiha\\2K25-309\\shoxruzbek\\core\\singleton\\CityController.js","statementMap":{"0":{"start":{"line":5,"column":4},"end":{"line":7,"column":5}},"1":{"start":{"line":6,"column":6},"end":{"line":6,"column":37}},"2":{"start":{"line":8,"column":4},"end":{"line":8,"column":35}},"3":{"start":{"line":11,"column":4},"end":{"line":11,"column":26}},"4":{"start":{"line":12,"column":4},"end":{"line":12,"column":25}},"5":{"start":{"line":13,"column":4},"end":{"line":13,"column":25}},"6":{"start":{"line":14,"column":4},"end":{"line":14,"column":23}},"7":{"start":{"line":18,"column":4},"end":{"line":18,"column":44}},"8":{"start":{"line":22,"column":4},"end":{"line":22,"column":27}},"9":{"start":{"line":23,"column":4},"end":{"line":23,"column":48}},"10":{"start":{"line":27,"column":4},"end":{"line":27,"column":63}},"11":{"start":{"line":28,"column":4},"end":{"line":28,"column":46}},"12":{"start":{"line":28,"column":23},"end":{"line":28,"column":46}},"13":{"start":{"line":29,"column":4},"end":{"line":29,"column":50}},"14":{"start":{"line":29,"column":24},"end":{"line":29,"column":50}},"15":{"start":{"line":30,"column":4},"end":{"line":30,"column":55}},"16":{"start":{"line":30,"column":23},"end":{"line":30,"column":55}},"17":{"start":{"line":31,"column":4},"end":{"line":31,"column":41}},"18":{"start":{"line":31,"column":21},"end":{"line":31,"column":41}},"19":{"start":{"line":32,"column":4},"end":{"line":32,"column":60}},"20":{"start":{"line":37,"column":4},"end":{"line":37,"column":62}},"21":{"start":{"line":38,"column":4},"end":{"line":38,"column":47}},"22":{"start":{"line":38,"column":23},"end":{"line":38,"column":47}},"23":{"start":{"line":39,"column":4},"end":{"line":39,"column":46}},"24":{"start":{"line":39,"column":24},"end":{"line":39,"column":46}},"25":{"start":{"line":40,"column":4},"end":{"line":40,"column":57}},"26":{"start":{"line":40,"column":23},"end":{"line":40,"column":57}},"27":{"start":{"line":41,"column":4},"end":{"line":41,"column":44}},"28":{"start":{"line":41,"column":21},"end":{"line":41,"column":44}},"29":{"start":{"line":42,"column":4},"end":{"line":42,"column":59}},"30":{"start":{"line":47,"column":4},"end":{"line":47,"column":60}},"31":{"start":{"line":48,"column":4},"end":{"line":48,"column":47}},"32":{"start":{"line":48,"column":23},"end":{"line":48,"column":47}},"33":{"start":{"line":49,"column":4},"end":{"line":49,"column":46}},"34":{"start":{"line":49,"column":24},"end":{"line":49,"column":46}},"35":{"start":{"line":50,"column":4},"end":{"line":50,"column":55}},"36":{"start":{"line":50,"column":23},"end":{"line":50,"column":55}},"37":{"start":{"line":51,"column":4},"end":{"line":51,"column":41}},"38":{"start":{"line":51,"column":21},"end":{"line":51,"column":41}},"39":{"start":{"line":52,"column":4},"end":{"line":52,"column":57}},"40":{"start":{"line":57,"column":4},"end":{"line":57,"column":46}},"41":{"start":{"line":58,"column":4},"end":{"line":58,"column":46}},"42":{"start":{"line":58,"column":23},"end":{"line":58,"column":46}},"43":{"start":{"line":59,"column":4},"end":{"line":59,"column":55}},"44":{"start":{"line":59,"column":23},"end":{"line":59,"column":55}},"45":{"start":{"line":60,"column":4},"end":{"line":60,"column":46}},"46":{"start":{"line":60,"column":24},"end":{"line":60,"column":46}},"47":{"start":{"line":61,"column":4},"end":{"line":61,"column":41}},"48":{"start":{"line":61,"column":21},"end":{"line":61,"column":41}},"49":{"start":{"line":62,"column":4},"end":{"line":62,"column":62}},"50":{"start":{"line":67,"column":4},"end":{"line":67,"column":47}},"51":{"start":{"line":68,"column":19},"end":{"line":73,"column":5}},"52":{"start":{"line":75,"column":4},"end":{"line":75,"column":48}},"53":{"start":{"line":76,"column":4},"end":{"line":76,"column":50}},"54":{"start":{"line":77,"column":4},"end":{"line":77,"column":50}},"55":{"start":{"line":78,"column":4},"end":{"line":78,"column":46}},"56":{"start":{"line":79,"column":4},"end":{"line":79,"column":47}},"57":{"start":{"line":81,"column":4},"end":{"line":81,"column":18}}},"fnMap":{"0":{"name":"(anonymous_0)","decl":{"start":{"line":3,"column":2},"end":{"line":3,"column":13}},"loc":{"start":{"line":3,"column":16},"end":{"line":15,"column":3}},"line":3},"1":{"name":"(anonymous_1)","decl":{"start":{"line":17,"column":2},"end":{"line":17,"column":7}},"loc":{"start":{"line":17,"column":10},"end":{"line":19,"column":3}},"line":17},"2":{"name":"(anonymous_2)","decl":{"start":{"line":21,"column":2},"end":{"line":21,"column":19}},"loc":{"start":{"line":21,"column":37},"end":{"line":24,"column":3}},"line":21},"3":{"name":"(anonymous_3)","decl":{"start":{"line":26,"column":2},"end":{"line":26,"column":17}},"loc":{"start":{"line":26,"column":20},"end":{"line":33,"column":3}},"line":26},"4":{"name":"(anonymous_4)","decl":{"start":{"line":36,"column":2},"end":{"line":36,"column":16}},"loc":{"start":{"line":36,"column":19},"end":{"line":43,"column":3}},"line":36},"5":{"name":"(anonymous_5)","decl":{"start":{"line":46,"column":2},"end":{"line":46,"column":11}},"loc":{"start":{"line":46,"column":14},"end":{"line":53,"column":3}},"line":46},"6":{"name":"(anonymous_6)","decl":{"start":{"line":56,"column":2},"end":{"line":56,"column":15}},"loc":{"start":{"line":56,"column":18},"end":{"line":63,"column":3}},"line":56},"7":{"name":"(anonymous_7)","decl":{"start":{"line":66,"column":2},"end":{"line":66,"column":17}},"loc":{"start":{"line":66,"column":20},"end":{"line":82,"column":3}},"line":66}},"branchMap":{"0":{"loc":{"start":{"line":5,"column":4},"end":{"line":7,"column":5}},"type":"if","locations":[{"start":{"line":5,"column":4},"end":{"line":7,"column":5}},{"start":{},"end":{}}],"line":5},"1":{"loc":{"start":{"line":28,"column":4},"end":{"line":28,"column":46}},"type":"if","locations":[{"start":{"line":28,"column":4},"end":{"line":28,"column":46}},{"start":{},"end":{}}],"line":28},"2":{"loc":{"start":{"line":29,"column":4},"end":{"line":29,"column":50}},"type":"if","locations":[{"start":{"line":29,"column":4},"end":{"line":29,"column":50}},{"start":{},"end":{}}],"line":29},"3":{"loc":{"start":{"line":30,"column":4},"end":{"line":30,"column":55}},"type":"if","locations":[{"start":{"line":30,"column":4},"end":{"line":30,"column":55}},{"start":{},"end":{}}],"line":30},"4":{"loc":{"start":{"line":31,"column":4},"end":{"line":31,"column":41}},"type":"if","locations":[{"start":{"line":31,"column":4},"end":{"line":31,"column":41}},{"start":{},"end":{}}],"line":31},"5":{"loc":{"start":{"line":38,"column":4},"end":{"line":38,"column":47}},"type":"if","locations":[{"start":{"line":38,"column":4},"end":{"line":38,"column":47}},{"start":{},"end":{}}],"line":38},"6":{"loc":{"start":{"line":39,"column":4},"end":{"line":39,"column":46}},"type":"if","locations":[{"start":{"line":39,"column":4},"end":{"line":39,"column":46}},{"start":{},"end":{}}],"line":39},"7":{"loc":{"start":{"line":40,"column":4},"end":{"line":40,"column":57}},"type":"if","locations":[{"start":{"line":40,"column":4},"end":{"line":40,"column":57}},{"start":{},"end":{}}],"line":40},"8":{"loc":{"start":{"line":41,"column":4},"end":{"line":41,"column":44}},"type":"if","locations":[{"start":{"line":41,"column":4},"end":{"line":41,"column":44}},{"start":{},"end":{}}],"line":41},"9":{"loc":{"start":{"line":48,"column":4},"end":{"line":48,"column":47}},"type":"if","locations":[{"start":{"line":48,"column":4},"end":{"line":48,"column":47}},{"start":{},"end":{}}],"line":48},"10":{"loc":{"start":{"line":49,"column":4},"end":{"line":49,"column":46}},"type":"if","locations":[{"start":{"line":49,"column":4},"end":{"line":49,"column":46}},{"start":{},"end":{}}],"line":49},"11":{"loc":{"start":{"line":50,"column":4},"end":{"line":50,"column":55}},"type":"if","locations":[{"start":{"line":50,"column":4},"end":{"line":50,"column":55}},{"start":{},"end":{}}],"line":50},"12":{"loc":{"start":{"line":51,"column":4},"end":{"line":51,"column":41}},"type":"if","locations":[{"start":{"line":51,"column":4},"end":{"line":51,"column":41}},{"start":{},"end":{}}],"line":51},"13":{"loc":{"start":{"line":58,"column":4},"end":{"line":58,"column":46}},"type":"if","locations":[{"start":{"line":58,"column":4},"end":{"line":58,"column":46}},{"start":{},"end":{}}],"line":58},"14":{"loc":{"start":{"line":59,"column":4},"end":{"line":59,"column":55}},"type":"if","locations":[{"start":{"line":59,"column":4},"end":{"line":59,"column":55}},{"start":{},"end":{}}],"line":59},"15":{"loc":{"start":{"line":60,"column":4},"end":{"line":60,"column":46}},"type":"if","locations":[{"start":{"line":60,"column":4},"end":{"line":60,"column":46}},{"start":{},"end":{}}],"line":60},"16":{"loc":{"start":{"line":61,"column":4},"end":{"line":61,"column":41}},"type":"if","locations":[{"start":{"line":61,"column":4},"end":{"line":61,"column":41}},{"start":{},"end":{}}],"line":61},"17":{"loc":{"start":{"line":69,"column":16},"end":{"line":69,"column":46}},"type":"binary-expr","locations":[{"start":{"line":69,"column":16},"end":{"line":69,"column":37}},{"start":{"line":69,"column":41},"end":{"line":69,"column":46}}],"line":69},"18":{"loc":{"start":{"line":70,"column":17},"end":{"line":70,"column":48}},"type":"binary-expr","locations":[{"start":{"line":70,"column":17},"end":{"line":70,"column":39}},{"start":{"line":70,"column":43},"end":{"line":70,"column":48}}],"line":70},"19":{"loc":{"start":{"line":71,"column":16},"end":{"line":71,"column":46}},"type":"binary-expr","locations":[{"start":{"line":71,"column":16},"end":{"line":71,"column":37}},{"start":{"line":71,"column":41},"end":{"line":71,"column":46}}],"line":71},"20":{"loc":{"start":{"line":72,"column":14},"end":{"line":72,"column":42}},"type":"binary-expr","locations":[{"start":{"line":72,"column":14},"end":{"line":72,"column":33}},{"start":{"line":72,"column":37},"end":{"line":72,"column":42}}],"line":72}},"s":{"0":13,"1":11,"2":2,"3":2,"4":2,"5":2,"6":2,"7":0,"8":23,"9":23,"10":4,"11":4,"12":4,"13":4,"14":4,"15":4,"16":3,"17":4,"18":3,"19":4,"20":1,"21":1,"22":1,"23":1,"24":1,"25":1,"26":0,"27":1,"28":0,"29":1,"30":3,"31":3,"32":3,"33":3,"34":3,"35":3,"36":3,"37":3,"38":2,"39":3,"40":2,"41":2,"42":2,"43":2,"44":2,"45":2,"46":2,"47":2,"48":2,"49":2,"50":2,"51":2,"52":2,"53":2,"54":2,"55":2,"56":2,"57":2},"f":{"0":13,"1":0,"2":23,"3":4,"4":1,"5":3,"6":2,"7":2},"b":{"0":[11,2],"1":[4,0],"2":[4,0],"3":[3,1],"4":[3,1],"5":[1,0],"6":[1,0],"7":[0,1],"8":[0,1],"9":[3,0],"10":[3,0],"11":[3,0],"12":[2,1],"13":[2,0],"14":[2,0],"15":[2,0],"16":[2,0],"17":[2,0],"18":[2,0],"19":[2,0],"20":[2,1]},"meta":{"lastBranch":21,"lastFunction":8,"lastStatement":58,"seen":{"f:3:2:3:13":0,"b:5:4:7:5:undefined:undefined:undefined:undefined":0,"s:5:4:7:5":0,"s:6:6:6:37":1,"s:8:4:8:35":2,"s:11:4:11:26":3,"s:12:4:12:25":4,"s:13:4:13:25":5,"s:14:4:14:23":6,"f:17:2:17:7":1,"s:18:4:18:44":7,"f:21:2:21:19":2,"s:22:4:22:27":8,"s:23:4:23:48":9,"f:26:2:26:17":3,"s:27:4:27:63":10,"b:28:4:28:46:undefined:undefined:undefined:undefined":1,"s:28:4:28:46":11,"s:28:23:28:46":12,"b:29:4:29:50:undefined:undefined:undefined:undefined":2,"s:29:4:29:50":13,"s:29:24:29:50":14,"b:30:4:30:55:undefined:undefined:undefined:undefined":3,"s:30:4:30:55":15,"s:30:23:30:55":16,"b:31:4:31:41:undefined:undefined:undefined:undefined":4,"s:31:4:31:41":17,"s:31:21:31:41":18,"s:32:4:32:60":19,"f:36:2:36:16":4,"s:37:4:37:62":20,"b:38:4:38:47:undefined:undefined:undefined:undefined":5,"s:38:4:38:47":21,"s:38:23:38:47":22,"b:39:4:39:46:undefined:undefined:undefined:undefined":6,"s:39:4:39:46":23,"s:39:24:39:46":24,"b:40:4:40:57:undefined:undefined:undefined:undefined":7,"s:40:4:40:57":25,"s:40:23:40:57":26,"b:41:4:41:44:undefined:undefined:undefined:undefined":8,"s:41:4:41:44":27,"s:41:21:41:44":28,"s:42:4:42:59":29,"f:46:2:46:11":5,"s:47:4:47:60":30,"b:48:4:48:47:undefined:undefined:undefined:undefined":9,"s:48:4:48:47":31,"s:48:23:48:47":32,"b:49:4:49:46:undefined:undefined:undefined:undefined":10,"s:49:4:49:46":33,"s:49:24:49:46":34,"b:50:4:50:55:undefined:undefined:undefined:undefined":11,"s:50:4:50:55":35,"s:50:23:50:55":36,"b:51:4:51:41:undefined:undefined:undefined:undefined":12,"s:51:4:51:41":37,"s:51:21:51:41":38,"s:52:4:52:57":39,"f:56:2:56:15":6,"s:57:4:57:46":40,"b:58:4:58:46:undefined:undefined:undefined:undefined":13,"s:58:4:58:46":41,"s:58:23:58:46":42,"b:59:4:59:55:undefined:undefined:undefined:undefined":14,"s:59:4:59:55":43,"s:59:23:59:55":44,"b:60:4:60:46:undefined:undefined:undefined:undefined":15,"s:60:4:60:46":45,"s:60:24:60:46":46,"b:61:4:61:41:undefined:undefined:undefined:undefined":16,"s:61:4:61:41":47,"s:61:21:61:41":48,"s:62:4:62:62":49,"f:66:2:66:17":7,"s:67:4:67:47":50,"s:68:19:73:5":51,"b:69:16:69:37:69:41:69:46":17,"b:70:17:70:39:70:43:70:48":18,"b:71:16:71:37:71:41:71:46":19,"b:72:14:72:33:72:37:72:42":20,"s:75:4:75:48":52,"s:76:4:76:50":53,"s:77:4:77:50":54,"s:78:4:78:46":55,"s:79:4:79:47":56,"s:81:4:81:18":57}}}
,"D:\\loyiha\\2K25-309\\shoxruzbek\\modules\\energy\\EnergySystem.js": {"path":"D:\\loyiha\\2K25-309\\shoxruzbek\\modules\\energy\\EnergySystem.js","statementMap":{"0":{"start":{"line":3,"column":4},"end":{"line":3,"column":28}},"1":{"start":{"line":7,"column":4},"end":{"line":7,"column":23}},"2":{"start":{"line":8,"column":4},"end":{"line":8,"column":43}},"3":{"start":{"line":12,"column":4},"end":{"line":12,"column":24}},"4":{"start":{"line":13,"column":4},"end":{"line":13,"column":46}}},"fnMap":{"0":{"name":"(anonymous_0)","decl":{"start":{"line":2,"column":2},"end":{"line":2,"column":13}},"loc":{"start":{"line":2,"column":16},"end":{"line":4,"column":3}},"line":2},"1":{"name":"(anonymous_1)","decl":{"start":{"line":6,"column":2},"end":{"line":6,"column":7}},"loc":{"start":{"line":6,"column":10},"end":{"line":9,"column":3}},"line":6},"2":{"name":"(anonymous_2)","decl":{"start":{"line":11,"column":2},"end":{"line":11,"column":10}},"loc":{"start":{"line":11,"column":13},"end":{"line":14,"column":3}},"line":11}},"branchMap":{},"s":{"0":7,"1":10,"2":10,"3":1,"4":1},"f":{"0":7,"1":10,"2":1},"b":{},"meta":{"lastBranch":0,"lastFunction":3,"lastStatement":5,"seen":{"f:2:2:2:13":0,"s:3:4:3:28":0,"f:6:2:6:7":1,"s:7:4:7:23":1,"s:8:4:8:43":2,"f:11:2:11:10":2,"s:12:4:12:24":3,"s:13:4:13:46":4}}}
,"D:\\loyiha\\2K25-309\\shoxruzbek\\modules\\lighting\\LightingSystem.js": {"path":"D:\\loyiha\\2K25-309\\shoxruzbek\\modules\\lighting\\LightingSystem.js","statementMap":{"0":{"start":{"line":3,"column":4},"end":{"line":3,"column":24}},"1":{"start":{"line":7,"column":4},"end":{"line":7,"column":23}},"2":{"start":{"line":8,"column":4},"end":{"line":8,"column":45}},"3":{"start":{"line":12,"column":4},"end":{"line":12,"column":24}},"4":{"start":{"line":13,"column":4},"end":{"line":13,"column":48}}},"fnMap":{"0":{"name":"(anonymous_0)","decl":{"start":{"line":2,"column":2},"end":{"line":2,"column":13}},"loc":{"start":{"line":2,"column":16},"end":{"line":4,"column":3}},"line":2},"1":{"name":"(anonymous_1)","decl":{"start":{"line":6,"column":2},"end":{"line":6,"column":8}},"loc":{"start":{"line":6,"column":11},"end":{"line":9,"column":3}},"line":6},"2":{"name":"(anonymous_2)","decl":{"start":{"line":11,"column":2},"end":{"line":11,"column":9}},"loc":{"start":{"line":11,"column":12},"end":{"line":14,"column":3}},"line":11}},"branchMap":{},"s":{"0":24,"1":13,"2":13,"3":5,"4":5},"f":{"0":24,"1":13,"2":5},"b":{},"meta":{"lastBranch":0,"lastFunction":3,"lastStatement":5,"seen":{"f:2:2:2:13":0,"s:3:4:3:24":0,"f:6:2:6:8":1,"s:7:4:7:23":1,"s:8:4:8:45":2,"f:11:2:11:9":2,"s:12:4:12:24":3,"s:13:4:13:48":4}}}
,"D:\\loyiha\\2K25-309\\shoxruzbek\\modules\\security\\SecuritySystem.js": {"path":"D:\\loyiha\\2K25-309\\shoxruzbek\\modules\\security\\SecuritySystem.js","statementMap":{"0":{"start":{"line":3,"column":4},"end":{"line":3,"column":24}},"1":{"start":{"line":7,"column":4},"end":{"line":7,"column":27}},"2":{"start":{"line":8,"column":4},"end":{"line":8,"column":53}},"3":{"start":{"line":12,"column":4},"end":{"line":12,"column":24}},"4":{"start":{"line":13,"column":4},"end":{"line":13,"column":40}}},"fnMap":{"0":{"name":"(anonymous_0)","decl":{"start":{"line":2,"column":2},"end":{"line":2,"column":13}},"loc":{"start":{"line":2,"column":16},"end":{"line":4,"column":3}},"line":2},"1":{"name":"(anonymous_1)","decl":{"start":{"line":6,"column":2},"end":{"line":6,"column":17}},"loc":{"start":{"line":6,"column":20},"end":{"line":9,"column":3}},"line":6},"2":{"name":"(anonymous_2)","decl":{"start":{"line":11,"column":2},"end":{"line":11,"column":19}},"loc":{"start":{"line":11,"column":22},"end":{"line":14,"column":3}},"line":11}},"branchMap":{},"s":{"0":8,"1":9,"2":9,"3":1,"4":1},"f":{"0":8,"1":9,"2":1},"b":{},"meta":{"lastBranch":0,"lastFunction":3,"lastStatement":5,"seen":{"f:2:2:2:13":0,"s:3:4:3:24":0,"f:6:2:6:17":1,"s:7:4:7:27":1,"s:8:4:8:53":2,"f:11:2:11:19":2,"s:12:4:12:24":3,"s:13:4:13:40":4}}}
,"D:\\loyiha\\2K25-309\\shoxruzbek\\modules\\transport\\TransportSystem.js": {"path":"D:\\loyiha\\2K25-309\\shoxruzbek\\modules\\transport\\TransportSystem.js","statementMap":{"0":{"start":{"line":3,"column":4},"end":{"line":3,"column":25}},"1":{"start":{"line":7,"column":4},"end":{"line":7,"column":27}},"2":{"start":{"line":8,"column":4},"end":{"line":8,"column":49}},"3":{"start":{"line":12,"column":4},"end":{"line":12,"column":28}},"4":{"start":{"line":13,"column":4},"end":{"line":13,"column":48}}},"fnMap":{"0":{"name":"(anonymous_0)","decl":{"start":{"line":2,"column":2},"end":{"line":2,"column":13}},"loc":{"start":{"line":2,"column":16},"end":{"line":4,"column":3}},"line":2},"1":{"name":"(anonymous_1)","decl":{"start":{"line":6,"column":2},"end":{"line":6,"column":10}},"loc":{"start":{"line":6,"column":13},"end":{"line":9,"column":3}},"line":6},"2":{"name":"(anonymous_2)","decl":{"start":{"line":11,"column":2},"end":{"line":11,"column":6}},"loc":{"start":{"line":11,"column":9},"end":{"line":14,"column":3}},"line":11}},"branchMap":{},"s":{"0":5,"1":4,"2":4,"3":6,"4":6},"f":{"0":5,"1":4,"2":6},"b":{},"meta":{"lastBranch":0,"lastFunction":3,"lastStatement":5,"seen":{"f:2:2:2:13":0,"s:3:4:3:25":0,"f:6:2:6:10":1,"s:7:4:7:27":1,"s:8:4:8:49":2,"f:11:2:11:6":2,"s:12:4:12:28":3,"s:13:4:13:48":4}}}
}
